生成启动时间为 2018/5/24 22:43:37。
     1>项目“C:\Users\CreeperJimTHU\documents\visual studio 2012\Projects\devil tower\devil tower\devil tower.vcxproj”在节点 2 上(Build 个目标)。
     1>ClCompile:
         C:\Program Files (x86)\Microsoft Visual Studio 11.0\VC\bin\CL.exe /c /ZI /nologo /W3 /WX- /Od /Oy- /D WIN32 /D _DEBUG /D _CONSOLE /D _UNICODE /D UNICODE /Gm /EHsc /RTC1 /MDd /GS /fp:precise /Zc:wchar_t /Zc:forScope /Fo"Debug\\" /Fd"Debug\vc110.pdb" /Gd /TP /analyze- /errorReport:prompt dictionary.cpp
         dictionary.cpp
     1>c:\users\creeperjimthu\documents\visual studio 2012\projects\devil tower\devil tower\dictionary.cpp(390): warning C4996: '_swprintf': This function or variable may be unsafe. Consider using _swprintf_s instead. To disable deprecation, use _CRT_SECURE_NO_WARNINGS. See online help for details.
                 c:\program files (x86)\microsoft visual studio 11.0\vc\include\wchar.h(784) : 参见“_swprintf”的声明
     1>c:\users\creeperjimthu\documents\visual studio 2012\projects\devil tower\devil tower\dictionary.cpp(393): warning C4996: '_swprintf': This function or variable may be unsafe. Consider using _swprintf_s instead. To disable deprecation, use _CRT_SECURE_NO_WARNINGS. See online help for details.
                 c:\program files (x86)\microsoft visual studio 11.0\vc\include\wchar.h(784) : 参见“_swprintf”的声明
     1>c:\users\creeperjimthu\documents\visual studio 2012\projects\devil tower\devil tower\dictionary.cpp(396): warning C4996: '_swprintf': This function or variable may be unsafe. Consider using _swprintf_s instead. To disable deprecation, use _CRT_SECURE_NO_WARNINGS. See online help for details.
                 c:\program files (x86)\microsoft visual studio 11.0\vc\include\wchar.h(784) : 参见“_swprintf”的声明
     1>c:\users\creeperjimthu\documents\visual studio 2012\projects\devil tower\devil tower\dictionary.cpp(415): warning C4996: '_swprintf': This function or variable may be unsafe. Consider using _swprintf_s instead. To disable deprecation, use _CRT_SECURE_NO_WARNINGS. See online help for details.
                 c:\program files (x86)\microsoft visual studio 11.0\vc\include\wchar.h(784) : 参见“_swprintf”的声明
       Link:
         C:\Program Files (x86)\Microsoft Visual Studio 11.0\VC\bin\link.exe /ERRORREPORT:PROMPT /OUT:"C:\Users\CreeperJimTHU\documents\visual studio 2012\Projects\devil tower\Debug\devil tower.exe" /INCREMENTAL /NOLOGO kernel32.lib user32.lib gdi32.lib winspool.lib comdlg32.lib advapi32.lib shell32.lib ole32.lib oleaut32.lib uuid.lib odbc32.lib odbccp32.lib /MANIFEST /MANIFESTUAC:"level='asInvoker' uiAccess='false'" /manifest:embed /DEBUG /PDB:"C:\Users\CreeperJimTHU\documents\visual studio 2012\Projects\devil tower\Debug\devil tower.pdb" /SUBSYSTEM:CONSOLE /TLBID:1 /DYNAMICBASE /NXCOMPAT /IMPLIB:"C:\Users\CreeperJimTHU\documents\visual studio 2012\Projects\devil tower\Debug\devil tower.lib" /MACHINE:X86 Debug\dictionary.obj
         Debug\fight.obj
         Debug\ID.obj
         Debug\man.obj
         Debug\map.obj
         Debug\display.obj
         Debug\purchase.obj
         Debug\talk.obj
         Debug\main.obj
         Debug\transfer.obj
         devil tower.vcxproj -> C:\Users\CreeperJimTHU\documents\visual studio 2012\Projects\devil tower\Debug\devil tower.exe
     1>已完成生成项目“C:\Users\CreeperJimTHU\documents\visual studio 2012\Projects\devil tower\devil tower\devil tower.vcxproj”(Build 个目标)的操作。

生成成功。

已用时间 00:00:01.57
